[debug] [2019-11-04T17:13:41.783Z] ----------------------------------------------------------------------
[debug] [2019-11-04T17:13:41.785Z] Command:       C:\Program Files\nodejs\node.exe C:\Users\Uros\AppData\Roaming\npm\node_modules\firebase-tools\lib\bin\firebase.js serve -o 0.0.0.0
[debug] [2019-11-04T17:13:41.786Z] CLI Version:   7.6.2
[debug] [2019-11-04T17:13:41.786Z] Platform:      win32
[debug] [2019-11-04T17:13:41.786Z] Node Version:  v10.16.0
[debug] [2019-11-04T17:13:41.787Z] Time:          Mon Nov 04 2019 18:13:41 GMT+0100 (Central European Standard Time)
[debug] [2019-11-04T17:13:41.787Z] ----------------------------------------------------------------------
[debug] [2019-11-04T17:13:41.787Z] 
[debug] [2019-11-04T17:13:41.793Z] > command requires scopes: ["email","openid","https://www.googleapis.com/auth/cloudplatformprojects.readonly","https://www.googleapis.com/auth/firebase","https://www.googleapis.com/auth/cloud-platform"]
[debug] [2019-11-04T17:13:41.794Z] > authorizing via signed-in user
[debug] [2019-11-04T17:13:41.794Z] [iam] checking project flashcards-f0f7c for permissions ["firebase.projects.get"]
[debug] [2019-11-04T17:13:41.795Z] >>> HTTP REQUEST POST https://cloudresourcemanager.googleapis.com/v1/projects/flashcards-f0f7c:testIamPermissions  

[debug] [2019-11-04T17:13:43.085Z] <<< HTTP RESPONSE 200
[debug] [2019-11-04T17:13:43.091Z] >>> HTTP REQUEST GET https://firebase.googleapis.com/v1beta1/projects/flashcards-f0f7c  
 
[debug] [2019-11-04T17:13:43.541Z] <<< HTTP RESPONSE 200
[info] 
[info] === Serving from 'C:\Users\Uros\Flashcards\Flashcards\diplomskicode'...
[info] 
[debug] [2019-11-04T17:13:43.552Z] >>> HTTP REQUEST GET https://firebase.googleapis.com/v1beta1/projects/flashcards-f0f7c/webApps/-/config  
 
[debug] [2019-11-04T17:13:44.240Z] <<< HTTP RESPONSE 200
[info] i  hosting: Serving hosting files from: dist/Flashcards
[info] +  hosting: Local server: http://0.0.0.0:5000
[debug] [2019-11-04T17:15:33.963Z] ----------------------------------------------------------------------
[debug] [2019-11-04T17:15:33.965Z] Command:       C:\Program Files\nodejs\node.exe C:\Users\Uros\AppData\Roaming\npm\node_modules\firebase-tools\lib\bin\firebase.js serve
[debug] [2019-11-04T17:15:33.965Z] CLI Version:   7.6.2
[debug] [2019-11-04T17:15:33.965Z] Platform:      win32
[debug] [2019-11-04T17:15:33.965Z] Node Version:  v10.16.0
[debug] [2019-11-04T17:15:33.966Z] Time:          Mon Nov 04 2019 18:15:33 GMT+0100 (Central European Standard Time)
[debug] [2019-11-04T17:15:33.966Z] ----------------------------------------------------------------------
[debug] [2019-11-04T17:15:33.966Z] 
[debug] [2019-11-04T17:15:33.973Z] > command requires scopes: ["email","openid","https://www.googleapis.com/auth/cloudplatformprojects.readonly","https://www.googleapis.com/auth/firebase","https://www.googleapis.com/auth/cloud-platform"]
[debug] [2019-11-04T17:15:33.974Z] > authorizing via signed-in user
[debug] [2019-11-04T17:15:33.974Z] [iam] checking project flashcards-f0f7c for permissions ["firebase.projects.get"]
[debug] [2019-11-04T17:15:33.975Z] >>> HTTP REQUEST POST https://cloudresourcemanager.googleapis.com/v1/projects/flashcards-f0f7c:testIamPermissions  

[debug] [2019-11-04T17:15:35.090Z] <<< HTTP RESPONSE 200
[debug] [2019-11-04T17:15:35.096Z] >>> HTTP REQUEST GET https://firebase.googleapis.com/v1beta1/projects/flashcards-f0f7c  
 
[debug] [2019-11-04T17:15:35.392Z] <<< HTTP RESPONSE 200
[info] 
[info] === Serving from 'C:\Users\Uros\Flashcards\Flashcards\diplomskicode'...
[info] 
[debug] [2019-11-04T17:15:35.401Z] >>> HTTP REQUEST GET https://firebase.googleapis.com/v1beta1/projects/flashcards-f0f7c/webApps/-/config  
 
[debug] [2019-11-04T17:15:36.074Z] <<< HTTP RESPONSE 200
[info] i  hosting: Serving hosting files from: dist/Flashcards
[info] +  hosting: Local server: http://localhost:5000
